<?xml version="1.0" encoding="UTF-8"?>
<!-- Generated by org.testng.reporters.JUnitReportReporter -->
<testsuite hostname="Riaz" failures="0" tests="1" name="trainingCourse.AutomationPractice.TestNGOfAnnotations" time="0.008" errors="0" timestamp="2023-02-12T01:29:50 EST" skipped="0">
  <testcase classname="trainingCourse.AutomationPractice.TestNGOfAnnotations" name="f" time="0.008"/>
  <system-out/>
</testsuite> <!-- trainingCourse.AutomationPractice.TestNGOfAnnotations -->
