<?xml version="1.0" encoding="UTF-8"?>
<!-- Generated by org.testng.reporters.JUnitReportReporter -->
<testsuite hostname="Riaz" failures="0" tests="1" name="trainingCourse.AutomationPractice.Property" time="5.241" errors="0" timestamp="2023-02-28T01:27:18 EST" skipped="0">
  <testcase classname="trainingCourse.AutomationPractice.Property" name="f" time="5.241"/>
  <system-out/>
</testsuite> <!-- trainingCourse.AutomationPractice.Property -->
