<?xml version="1.0" encoding="UTF-8"?>
<!-- Generated by org.testng.reporters.JUnitReportReporter -->
<testsuite hostname="Riaz" failures="0" tests="4" name="trainingCourse.AutomationPractice.TextOfVerification" time="40.466" errors="0" timestamp="2023-02-25T01:21:33 EST" skipped="0">
  <testcase classname="trainingCourse.AutomationPractice.TextOfVerification" name="signin" time="9.204"/>
  <system-out/>
  <testcase classname="trainingCourse.AutomationPractice.TextOfVerification" name="signin" time="4.876"/>
  <system-out/>
  <testcase classname="trainingCourse.AutomationPractice.TextOfVerification" name="f" time="15.021"/>
  <system-out/>
  <testcase classname="trainingCourse.AutomationPractice.TextOfVerification" name="f" time="11.365"/>
  <system-out/>
</testsuite> <!-- trainingCourse.AutomationPractice.TextOfVerification -->
