<?xml version="1.0" encoding="UTF-8"?>
<!-- Generated by org.testng.reporters.JUnitReportReporter -->
<testsuite hostname="Riaz" failures="0" tests="3" name="trainingCourse.AutomationPractice.Points" time="15.116" errors="0" timestamp="2023-02-27T01:17:31 EST" skipped="0">
  <testcase classname="trainingCourse.AutomationPractice.Points" name="f" time="5.498"/>
  <system-out/>
  <testcase classname="trainingCourse.AutomationPractice.Points" name="f" time="4.818"/>
  <system-out/>
  <testcase classname="trainingCourse.AutomationPractice.Points" name="f" time="4.800"/>
  <system-out/>
</testsuite> <!-- trainingCourse.AutomationPractice.Points -->
